#
# A fatal error has been detected by the Java Runtime Environment:
#
#  SIGSEGV (0xb) at pc=0x000000011a2ad5dd, pid=27885, tid=1295
#
# JRE version: Java(TM) SE Runtime Environment (8.0_51-b16) (build 1.8.0_51-b16)
# Java VM: Java HotSpot(TM) 64-Bit Server VM (25.51-b03 mixed mode bsd-amd64 compressed oops)
# Problematic frame:
# C  [libglass.dylib+0x155dd]  GlassScreenDidChangeScreenParameters+0x9d
#
# Failed to write core dump. Core dumps have been disabled. To enable core dumping, try "ulimit -c unlimited" before starting Java again
#
# If you would like to submit a bug report, please visit:
#   http://bugreport.java.com/bugreport/crash.jsp
#

---------------  T H R E A D  ---------------

Current thread is native thread

siginfo: si_signo: 11 (SIGSEGV), si_code: 1 (SEGV_MAPERR), si_addr: 0x0000000000000000

Registers:
RAX=0x000000011a2dfbc0, RBX=0x0000000000000000, RCX=0x0000000000000103, RDX=0x00007f8c3d55e918
RSP=0x00007fff5f492d70, RBP=0x00007fff5f492d80, RSI=0x00007f8c3ad14718, RDI=0x0000000000000000
R8 =0x0000000000000040, R9 =0x00007fff7636e1e0, R10=0xffffffffffffffff, R11=0x0000000000000246
R12=0x00007f8c3afb7ca0, R13=0x00007f8c3af523e0, R14=0x00007f8c3af524a0, R15=0x0000000000000000
RIP=0x000000011a2ad5dd, EFLAGS=0x0000000000010206, ERR=0x0000000000000004
  TRAPNO=0x000000000000000e

Top of Stack: (sp=0x00007fff5f492d70)
0x00007fff5f492d70:   00007fff5f492dc8 00007f8c3af524a0
0x00007fff5f492d80:   00007fff5f492d90 00007fff9567cbbc
0x00007fff5f492d90:   00007fff5f492db0 00007fff9567cb4f
0x00007fff5f492da0:   0000000000000000 0000000000000000
0x00007fff5f492db0:   00007fff5f492e20 00007fff9567cac7
0x00007fff5f492dc0:   00007fff75d349d0 00007fff73a400a0
0x00007fff5f492dd0:   0000000042000000 00007fff9567cb10
0x00007fff5f492de0:   00007fff76d68720 00007f8c3af523e0
0x00007fff5f492df0:   00007f8c3afb7ca0 00007fff5f4935c8
0x00007fff5f492e00:   00007fff76e95780 00007fff5f4935c8
0x00007fff5f492e10:   00007f8c3af523e0 00007fff95a3c9e2
0x00007fff5f492e20:   00007fff5f492e60 00007fff9567c832
0x00007fff5f492e30:   00007fff5f493440 0000000000000000
0x00007fff5f492e40:   00007fff76e95780 00007fff5f4935c8
0x00007fff5f492e50:   00007fff8df264c0 00007fff95a3c9e2
0x00007fff5f492e60:   00007fff5f493570 00007fff956395e2
0x00007fff5f492e70:   00007f8c3af39600 0000000000000004
0x00007fff5f492e80:   0000000000000000 00007f8c3ad21cc0
0x00007fff5f492e90:   00007f8c3b805048 00007f8c3ac2a0a0
0x00007fff5f492ea0:   0000000000000000 00007f8c3af52500
0x00007fff5f492eb0:   0000000000000000 0000000000000000
0x00007fff5f492ec0:   00007fff76da5bc0 00007fff5f493440
0x00007fff5f492ed0:   0000000000000001 0000000000000100
0x00007fff5f492ee0:   0000000000000c00 00007fff5f493340
0x00007fff5f492ef0:   0000000000000000 0000000000000100
0x00007fff5f492f00:   4042000000000000 00007fff76e95780
0x00007fff5f492f10:   0000000000000000 00007fff76d69500
0x00007fff5f492f20:   00007fff76e95780 0000000000000000
0x00007fff5f492f30:   00007fff76d69500 00007f8c3afb0de0
0x00007fff5f492f40:   00007f8c3af39600 0000000000000004
0x00007fff5f492f50:   0000000000000000 00007fff8df264c0
0x00007fff5f492f60:   00007fff5f493120 00007fff8eb21480 

Instructions: (pc=0x000000011a2ad5dd)
0x000000011a2ad5bd:   89 df 4c 89 f1 41 ff 90 68 04 00 00 48 8d 05 f8
0x000000011a2ad5cd:   24 03 00 48 8b 30 48 8d 05 e6 25 03 00 48 8b 10
0x000000011a2ad5dd:   48 8b 0b 30 c0 48 89 df ff 91 68 04 00 00 48 8b
0x000000011a2ad5ed:   03 48 89 df ff 50 78 48 85 c0 74 36 49 89 c6 48 

Register to memory mapping:

RAX=0x000000011a2dfbc0: jScreenNotifySettingsChanged+0 in /Library/Java/JavaVirtualMachines/jdk1.8.0_51.jdk/Contents/Home/jre/lib/libglass.dylib at 0x000000011a298000
RBX=0x0000000000000000 is an unknown value
RCX=0x0000000000000103 is an unknown value
RDX=0x00007f8c3d55e918 is an unknown value
RSP=0x00007fff5f492d70 is an unknown value
RBP=0x00007fff5f492d80 is an unknown value
RSI=0x00007f8c3ad14718 is a global jni handle
RDI=0x0000000000000000 is an unknown value
R8 =0x0000000000000040 is an unknown value
R9 =0x00007fff7636e1e0: __sFX+0x1c0 in /usr/lib/system/libsystem_c.dylib at 0x00007fff913af000
R10=0xffffffffffffffff is an unknown value
R11=0x0000000000000246 is an unknown value
R12=0x00007f8c3afb7ca0 is an unknown value
R13=0x00007f8c3af523e0 is an unknown value
R14=0x00007f8c3af524a0 is an unknown value
R15=0x0000000000000000 is an unknown value


Stack: [0x00007fff5ec97000,0x00007fff5f497000],  sp=0x00007fff5f492d70,  free space=8175k
Native frames: (J=compiled Java code, j=interpreted, Vv=VM code, C=native code)
C  [libglass.dylib+0x155dd]  GlassScreenDidChangeScreenParameters+0x9d
C  [CoreFoundation+0xa0bbc]  __CFNOTIFICATIONCENTER_IS_CALLING_OUT_TO_AN_OBSERVER__+0xc
C  [CoreFoundation+0xa0b4f]  ___CFXRegistrationPost_block_invoke+0x3f
C  [CoreFoundation+0xa0ac7]  _CFXRegistrationPost+0x197
C  [CoreFoundation+0xa0832]  ___CFXNotificationPost_block_invoke+0x32
C  [CoreFoundation+0x5d5e2]  -[_CFXNotificationRegistrar find:object:observer:enumerator:]+0x782
C  [CoreFoundation+0x5c835]  _CFXNotificationPost+0x2b5
C  [Foundation+0x717a]  -[NSNotificationCenter postNotificationName:object:userInfo:]+0x42
C  [AppKit+0x41c08b]  -[NSApplication _reactToScreenInvalidationImmediately:]+0x17f
C  [AppKit+0x41bedc]  __44-[NSApplication _reactToScreenInvalidation:]_block_invoke+0x3b
C  [CoreFoundation+0xaa4ac]  __CFRUNLOOP_IS_CALLING_OUT_TO_A_BLOCK__+0xc
C  [CoreFoundation+0x89d05]  __CFRunLoopDoBlocks+0x155
C  [CoreFoundation+0x89a6b]  __CFRunLoopRun+0x92b
C  [CoreFoundation+0x88ed8]  CFRunLoopRunSpecific+0x128
C  [java+0x6463]  CreateExecutionEnvironment+0x367
C  [java+0x21ac]  JLI_Launch+0x7a0
C  [java+0x84c0]  main+0x65
C  [java+0x1a04]  start+0x34


---------------  P R O C E S S  ---------------

VM state:at safepoint (normal execution)

VM Mutex/Monitor currently owned by a thread:  ([mutex/lock_event])
[0x00007f8c3af03700] Threads_lock - owner thread: 0x00007f8c3b816000
[0x00007f8c3af03c00] Heap_lock - owner thread: 0x00007f8c3b2ac000

Heap:
 PSYoungGen      total 38400K, used 19571K [0x0000000795580000, 0x0000000798000000, 0x00000007c0000000)
  eden space 33280K, 43% used [0x0000000795580000,0x00000007963c43b0,0x0000000797600000)
  from space 5120K, 96% used [0x0000000797600000,0x0000000797ad8ab0,0x0000000797b00000)
  to   space 5120K, 0% used [0x0000000797b00000,0x0000000797b00000,0x0000000798000000)
 ParOldGen       total 87552K, used 80K [0x0000000740000000, 0x0000000745580000, 0x0000000795580000)
  object space 87552K, 0% used [0x0000000740000000,0x0000000740014010,0x0000000745580000)
 Metaspace       used 17332K, capacity 18076K, committed 18304K, reserved 1064960K
  class space    used 2405K, capacity 2568K, committed 2688K, reserved 1048576K

Card table byte_map: [0x000000011157d000,0x000000011197e000] byte_map_base: 0x000000010db7d000

Marking Bits: (ParMarkBitMap*) 0x0000000101ac27a0
 Begin Bits: [0x0000000111c29000, 0x0000000113c29000)
 End Bits:   [0x0000000113c29000, 0x0000000115c29000)

Polling page: 0x00000001009fd000

CodeCache: size=245760Kb used=7261Kb max_used=7267Kb free=238498Kb
 bounds [0x00000001021bd000, 0x00000001028dd000, 0x00000001111bd000]
 total_blobs=3034 nmethods=2370 adapters=576
 compilation: enabled

Compilation events (10 events):
Event: 1305.206 Thread 0x00007f8c3b00e000 nmethod 2362 0x00000001028d4b90 code [0x00000001028d4d00, 0x00000001028d4f28]
Event: 1305.513 Thread 0x00007f8c3c00f000 2368       4       java.lang.ref.Reference::<init> (25 bytes)
Event: 1305.513 Thread 0x00007f8c3b00e000 2367       3       java.lang.invoke.MethodType::changeReturnType (20 bytes)
Event: 1305.513 Thread 0x00007f8c3b00e000 nmethod 2367 0x00000001028d5350 code [0x00000001028d54c0, 0x00000001028d5748]
Event: 1305.514 Thread 0x00007f8c3c00f000 nmethod 2368 0x00000001028d8490 code [0x00000001028d85e0, 0x00000001028d8698]
Event: 1305.515 Thread 0x00007f8c3b00e000 2369       3       java.util.concurrent.locks.AbstractQueuedSynchronizer::release (33 bytes)
Event: 1305.515 Thread 0x00007f8c3b00e000 nmethod 2369 0x00000001028d7f10 code [0x00000001028d80a0, 0x00000001028d83b8]
Event: 1305.515 Thread 0x00007f8c3b00e000 2371       3       jdk.internal.org.objectweb.asm.MethodWriter::visitFieldInsn (248 bytes)
Event: 1305.516 Thread 0x00007f8c3b00e000 nmethod 2371 0x00000001028d70d0 code [0x00000001028d72c0, 0x00000001028d7b58]
Event: 1305.516 Thread 0x00007f8c3b00e000 2372       3       jdk.internal.org.objectweb.asm.ClassWriter::newFieldItem (77 bytes)

GC Heap History (2 events):
Event: 1.720 GC heap before
{Heap before GC invocations=1 (full 0):
 PSYoungGen      total 38400K, used 33280K [0x0000000795580000, 0x0000000798000000, 0x00000007c0000000)
  eden space 33280K, 100% used [0x0000000795580000,0x0000000797600000,0x0000000797600000)
  from space 5120K, 0% used [0x0000000797b00000,0x0000000797b00000,0x0000000798000000)
  to   space 5120K, 0% used [0x0000000797600000,0x0000000797600000,0x0000000797b00000)
 ParOldGen       total 87552K, used 0K [0x0000000740000000, 0x0000000745580000, 0x0000000795580000)
  object space 87552K, 0% used [0x0000000740000000,0x0000000740000000,0x0000000745580000)
 Metaspace       used 14919K, capacity 15548K, committed 15616K, reserved 1062912K
  class space    used 2151K, capacity 2292K, committed 2304K, reserved 1048576K
Event: 1.728 GC heap after
Heap after GC invocations=1 (full 0):
 PSYoungGen      total 38400K, used 4962K [0x0000000795580000, 0x0000000798000000, 0x00000007c0000000)
  eden space 33280K, 0% used [0x0000000795580000,0x0000000795580000,0x0000000797600000)
  from space 5120K, 96% used [0x0000000797600000,0x0000000797ad8ab0,0x0000000797b00000)
  to   space 5120K, 0% used [0x0000000797b00000,0x0000000797b00000,0x0000000798000000)
 ParOldGen       total 87552K, used 80K [0x0000000740000000, 0x0000000745580000, 0x0000000795580000)
  object space 87552K, 0% used [0x0000000740000000,0x0000000740014010,0x0000000745580000)
 Metaspace       used 14919K, capacity 15548K, committed 15616K, reserved 1062912K
  class space    used 2151K, capacity 2292K, committed 2304K, reserved 1048576K
}

Deoptimization events (10 events):
Event: 1.231 Thread 0x00007f8c3c124000 Uncommon trap: reason=class_check action=maybe_recompile pc=0x00000001022f1e5c method=java.lang.String.equals(Ljava/lang/Object;)Z @ 8
Event: 1.231 Thread 0x00007f8c3c124000 Uncommon trap: reason=class_check action=maybe_recompile pc=0x00000001022f1e5c method=java.lang.String.equals(Ljava/lang/Object;)Z @ 8
Event: 1.231 Thread 0x00007f8c3c124000 Uncommon trap: reason=class_check action=maybe_recompile pc=0x00000001022f1e5c method=java.lang.String.equals(Ljava/lang/Object;)Z @ 8
Event: 1.233 Thread 0x00007f8c3c124000 Uncommon trap: reason=class_check action=maybe_recompile pc=0x00000001022f1e5c method=java.lang.String.equals(Ljava/lang/Object;)Z @ 8
Event: 1.459 Thread 0x00007f8c3c124000 Uncommon trap: reason=unstable_if action=reinterpret pc=0x0000000102404ee0 method=java.lang.CharacterData.of(I)Ljava/lang/CharacterData; @ 4
Event: 1.466 Thread 0x00007f8c3c124000 Uncommon trap: reason=unstable_if action=reinterpret pc=0x00000001025038b0 method=java.util.HashMap.putVal(ILjava/lang/Object;Ljava/lang/Object;ZZ)Ljava/lang/Object; @ 193
Event: 1.807 Thread 0x00007f8c3c124000 Uncommon trap: reason=unstable_if action=reinterpret pc=0x0000000102465034 method=java.lang.AbstractStringBuilder.append(Ljava/lang/String;)Ljava/lang/AbstractStringBuilder; @ 1
Event: 1.819 Thread 0x00007f8c3c124000 Uncommon trap: reason=unstable_if action=reinterpret pc=0x00000001023da78c method=java.lang.AbstractStringBuilder.append(Ljava/lang/String;)Ljava/lang/AbstractStringBuilder; @ 1
Event: 1.892 Thread 0x00007f8c3c124000 Uncommon trap: reason=unstable_if action=reinterpret pc=0x00000001025045f4 method=jdk.internal.org.objectweb.asm.Type.getArgumentsAndReturnSizes(Ljava/lang/String;)I @ 47
Event: 1225.388 Thread 0x00007f8c3c91f800 Uncommon trap: reason=unstable_if action=reinterpret pc=0x0000000102893790 method=com.sun.javafx.tk.quantum.QuantumToolkit.postPulse()V @ 27

Internal exceptions (10 events):
Event: 0.742 Thread 0x00007f8c3c124000 Exception <a 'java/lang/NullPointerException'> (0x0000000796442fd8) thrown at [/Users/java_re/workspace/8-2-build-macosx-x86_64/jdk8u51/3951/hotspot/src/share/vm/interpreter/linkResolver.cpp, line 1178]
Event: 0.742 Thread 0x00007f8c3c124000 Exception <a 'java/lang/NullPointerException'> (0x0000000796442fd8) thrown at [/Users/java_re/workspace/8-2-build-macosx-x86_64/jdk8u51/3951/hotspot/src/share/vm/prims/jvm.cpp, line 1386]
Event: 0.905 Thread 0x00007f8c3c124000 Exception <a 'java/lang/ArrayIndexOutOfBoundsException'> (0x0000000796865388) thrown at [/Users/java_re/workspace/8-2-build-macosx-x86_64/jdk8u51/3951/hotspot/src/share/vm/runtime/sharedRuntime.cpp, line 605]
Event: 0.906 Thread 0x00007f8c3c124000 Exception <a 'java/lang/ArrayIndexOutOfBoundsException'> (0x0000000796865fd8) thrown at [/Users/java_re/workspace/8-2-build-macosx-x86_64/jdk8u51/3951/hotspot/src/share/vm/runtime/sharedRuntime.cpp, line 605]
Event: 0.906 Thread 0x00007f8c3c124000 Exception <a 'java/lang/ArrayIndexOutOfBoundsException'> (0x00000007968672d0) thrown at [/Users/java_re/workspace/8-2-build-macosx-x86_64/jdk8u51/3951/hotspot/src/share/vm/runtime/sharedRuntime.cpp, line 605]
Event: 1.085 Thread 0x00007f8c3c124000 Exception <a 'java/lang/ArrayIndexOutOfBoundsException'> (0x0000000796c93e68) thrown at [/Users/java_re/workspace/8-2-build-macosx-x86_64/jdk8u51/3951/hotspot/src/share/vm/runtime/sharedRuntime.cpp, line 605]
Event: 1.092 Thread 0x00007f8c3c124000 Exception <a 'java/lang/ArrayIndexOutOfBoundsException'> (0x0000000796d22c48) thrown at [/Users/java_re/workspace/8-2-build-macosx-x86_64/jdk8u51/3951/hotspot/src/share/vm/runtime/sharedRuntime.cpp, line 605]
Event: 1.123 Thread 0x00007f8c3c124000 Implicit null exception at 0x00000001024899f5 to 0x0000000102489c31
Event: 1.807 Thread 0x00007f8c3c124000 Implicit null exception at 0x0000000102464cb5 to 0x0000000102465021
Event: 1.819 Thread 0x00007f8c3c124000 Implicit null exception at 0x00000001023da3f5 to 0x00000001023da779

Events (10 events):
Event: 1305.516 Thread 0x00007f8c3c124000 Thread exited: 0x00007f8c3c124000
Event: 1305.516 Thread 0x00007f8c3b807800 Thread exited: 0x00007f8c3b807800
Event: 1305.516 Thread 0x00007f8c3b2ac000 Thread added: 0x00007f8c3b2ac000
Event: 1305.516 loading class java/util/IdentityHashMap$KeySet
Event: 1305.516 loading class java/util/IdentityHashMap$KeySet done
Event: 1305.516 loading class java/util/IdentityHashMap$KeyIterator
Event: 1305.516 loading class java/util/IdentityHashMap$IdentityHashMapIterator
Event: 1305.516 loading class java/util/IdentityHashMap$IdentityHashMapIterator done
Event: 1305.516 loading class java/util/IdentityHashMap$KeyIterator done
Event: 1305.516 Thread 0x00007f8c3b2ac000 Thread exited: 0x00007f8c3b2ac000


Dynamic libraries:
0x00000000030dc000 	/System/Library/Frameworks/Cocoa.framework/Versions/A/Cocoa
0x00000000030dc000 	/System/Library/Frameworks/Security.framework/Versions/A/Security
0x00000000030dc000 	/System/Library/Frameworks/ApplicationServices.framework/Versions/A/ApplicationServices
0x00000000030dc000 	/usr/lib/libz.1.dylib
0x00000000030dc000 	/usr/lib/libSystem.B.dylib
0x00000000030dc000 	/usr/lib/libobjc.A.dylib
0x00000000030dc000 	/System/Library/Frameworks/CoreFoundation.framework/Versions/A/CoreFoundation
0x00000000030dc000 	/System/Library/Frameworks/Foundation.framework/Versions/C/Foundation
0x00000000030dc000 	/System/Library/Frameworks/AppKit.framework/Versions/C/AppKit
0x00000000030dc000 	/System/Library/Frameworks/CoreData.framework/Versions/A/CoreData
0x00000000030dc000 	/System/Library/PrivateFrameworks/RemoteViewServices.framework/Versions/A/RemoteViewServices
0x00000000030dc000 	/System/Library/PrivateFrameworks/UIFoundation.framework/Versions/A/UIFoundation
0x00000000030dc000 	/usr/lib/libScreenReader.dylib
0x00000000030dc000 	/System/Library/Frameworks/Accelerate.framework/Versions/A/Accelerate
0x00000000030dc000 	/System/Library/Frameworks/IOSurface.framework/Versions/A/IOSurface
0x00000000030dc000 	/System/Library/Frameworks/AudioToolbox.framework/Versions/A/AudioToolbox
0x00000000030dc000 	/System/Library/Frameworks/AudioUnit.framework/Versions/A/AudioUnit
0x00000000030dc000 	/System/Library/PrivateFrameworks/DataDetectorsCore.framework/Versions/A/DataDetectorsCore
0x00000000030dc000 	/System/Library/PrivateFrameworks/DesktopServicesPriv.framework/Versions/A/DesktopServicesPriv
0x00000000030dc000 	/System/Library/Frameworks/Carbon.framework/Versions/A/Frameworks/HIToolbox.framework/Versions/A/HIToolbox
0x00000000030dc000 	/System/Library/Frameworks/QuartzCore.framework/Versions/A/QuartzCore
0x00000000030dc000 	/System/Library/Frameworks/Carbon.framework/Versions/A/Frameworks/SpeechRecognition.framework/Versions/A/SpeechRecognition
0x00000000030dc000 	/usr/lib/libauto.dylib
0x00000000030dc000 	/usr/lib/libicucore.A.dylib
0x00000000030dc000 	/usr/lib/libxml2.2.dylib
0x00000000030dc000 	/System/Library/PrivateFrameworks/CoreUI.framework/Versions/A/CoreUI
0x00000000030dc000 	/System/Library/Frameworks/CoreAudio.framework/Versions/A/CoreAudio
0x00000000030dc000 	/System/Library/Frameworks/DiskArbitration.framework/Versions/A/DiskArbitration
0x00000000030dc000 	/usr/lib/liblangid.dylib
0x00000000030dc000 	/System/Library/PrivateFrameworks/MultitouchSupport.framework/Versions/A/MultitouchSupport
0x00000000030dc000 	/System/Library/Frameworks/IOKit.framework/Versions/A/IOKit
0x00000000030dc000 	/usr/lib/libDiagnosticMessagesClient.dylib
0x00000000030dc000 	/System/Library/Frameworks/CoreServices.framework/Versions/A/CoreServices
0x00000000030dc000 	/System/Library/PrivateFrameworks/PerformanceAnalysis.framework/Versions/A/PerformanceAnalysis
0x00000000030dc000 	/System/Library/PrivateFrameworks/GenerationalStorage.framework/Versions/A/GenerationalStorage
0x00000000030dc000 	/System/Library/Frameworks/OpenGL.framework/Versions/A/OpenGL
0x00000000030dc000 	/System/Library/PrivateFrameworks/Sharing.framework/Versions/A/Sharing
0x00000000030dc000 	/System/Library/Frameworks/CoreGraphics.framework/Versions/A/CoreGraphics
0x00000000030dc000 	/System/Library/Frameworks/CoreImage.framework/Versions/A/CoreImage
0x00000000030dc000 	/System/Library/Frameworks/CoreText.framework/Versions/A/CoreText
0x00000000030dc000 	/System/Library/Frameworks/ImageIO.framework/Versions/A/ImageIO
0x00000000030dc000 	/System/Library/PrivateFrameworks/Backup.framework/Versions/A/Backup
0x00000000030dc000 	/usr/lib/libextension.dylib
0x00000000030dc000 	/usr/lib/libarchive.2.dylib
0x00000000030dc000 	/System/Library/Frameworks/CFNetwork.framework/Versions/A/CFNetwork
0x00000000030dc000 	/System/Library/Frameworks/SystemConfiguration.framework/Versions/A/SystemConfiguration
0x00000000030dc000 	/usr/lib/libCRFSuite.dylib
0x00000000030dc000 	/usr/lib/libc++.1.dylib
0x00000000030dc000 	/usr/lib/libc++abi.dylib
0x00000000030dc000 	/usr/lib/system/libcache.dylib
0x00000000030dc000 	/usr/lib/system/libcommonCrypto.dylib
0x00000000030dc000 	/usr/lib/system/libcompiler_rt.dylib
0x00000000030dc000 	/usr/lib/system/libcopyfile.dylib
0x00000000030dc000 	/usr/lib/system/libcorecrypto.dylib
0x00000000030dc000 	/usr/lib/system/libdispatch.dylib
0x00000000030dc000 	/usr/lib/system/libdyld.dylib
0x00000000030dc000 	/usr/lib/system/libkeymgr.dylib
0x00000000030dc000 	/usr/lib/system/liblaunch.dylib
0x00000000030dc000 	/usr/lib/system/libmacho.dylib
0x00000000030dc000 	/usr/lib/system/libquarantine.dylib
0x00000000030dc000 	/usr/lib/system/libremovefile.dylib
0x00000000030dc000 	/usr/lib/system/libsystem_asl.dylib
0x00000000030dc000 	/usr/lib/system/libsystem_blocks.dylib
0x00000000030dc000 	/usr/lib/system/libsystem_c.dylib
0x00000000030dc000 	/usr/lib/system/libsystem_configuration.dylib
0x00000000030dc000 	/usr/lib/system/libsystem_coreservices.dylib
0x00000000030dc000 	/usr/lib/system/libsystem_coretls.dylib
0x00000000030dc000 	/usr/lib/system/libsystem_dnssd.dylib
0x00000000030dc000 	/usr/lib/system/libsystem_info.dylib
0x00000000030dc000 	/usr/lib/system/libsystem_kernel.dylib
0x00000000030dc000 	/usr/lib/system/libsystem_m.dylib
0x00000000030dc000 	/usr/lib/system/libsystem_malloc.dylib
0x00000000030dc000 	/usr/lib/system/libsystem_network.dylib
0x00000000030dc000 	/usr/lib/system/libsystem_networkextension.dylib
0x00000000030dc000 	/usr/lib/system/libsystem_notify.dylib
0x00000000030dc000 	/usr/lib/system/libsystem_platform.dylib
0x00000000030dc000 	/usr/lib/system/libsystem_pthread.dylib
0x00000000030dc000 	/usr/lib/system/libsystem_sandbox.dylib
0x00000000030dc000 	/usr/lib/system/libsystem_secinit.dylib
0x00000000030dc000 	/usr/lib/system/libsystem_trace.dylib
0x00000000030dc000 	/usr/lib/system/libunc.dylib
0x00000000030dc000 	/usr/lib/system/libunwind.dylib
0x00000000030dc000 	/usr/lib/system/libxpc.dylib
0x00000000030dc000 	/usr/lib/libenergytrace.dylib
0x00000000030dc000 	/usr/lib/libbsm.0.dylib
0x00000000030dc000 	/usr/lib/system/libkxld.dylib
0x00000000030dc000 	/usr/lib/libxar.1.dylib
0x00000000030dc000 	/usr/lib/libsqlite3.dylib
0x00000000030dc000 	/usr/lib/libpam.2.dylib
0x00000000030dc000 	/usr/lib/libOpenScriptingUtil.dylib
0x00000000030dc000 	/usr/lib/libbz2.1.0.dylib
0x00000000030dc000 	/usr/lib/liblzma.5.dylib
0x00000000030dc000 	/System/Library/Frameworks/CoreServices.framework/Versions/A/Frameworks/FSEvents.framework/Versions/A/FSEvents
0x00000000030dc000 	/System/Library/Frameworks/CoreServices.framework/Versions/A/Frameworks/CarbonCore.framework/Versions/A/CarbonCore
0x00000000030dc000 	/System/Library/Frameworks/CoreServices.framework/Versions/A/Frameworks/Metadata.framework/Versions/A/Metadata
0x00000000030dc000 	/System/Library/Frameworks/CoreServices.framework/Versions/A/Frameworks/OSServices.framework/Versions/A/OSServices
0x00000000030dc000 	/System/Library/Frameworks/CoreServices.framework/Versions/A/Frameworks/SearchKit.framework/Versions/A/SearchKit
0x00000000030dc000 	/System/Library/Frameworks/CoreServices.framework/Versions/A/Frameworks/AE.framework/Versions/A/AE
0x00000000030dc000 	/System/Library/Frameworks/CoreServices.framework/Versions/A/Frameworks/LaunchServices.framework/Versions/A/LaunchServices
0x00000000030dc000 	/System/Library/Frameworks/CoreServices.framework/Versions/A/Frameworks/DictionaryServices.framework/Versions/A/DictionaryServices
0x00000000030dc000 	/System/Library/Frameworks/CoreServices.framework/Versions/A/Frameworks/SharedFileList.framework/Versions/A/SharedFileList
0x00000000030dc000 	/System/Library/Frameworks/NetFS.framework/Versions/A/NetFS
0x00000000030dc000 	/System/Library/PrivateFrameworks/NetAuth.framework/Versions/A/NetAuth
0x00000000030dc000 	/System/Library/PrivateFrameworks/login.framework/Versions/A/Frameworks/loginsupport.framework/Versions/A/loginsupport
0x00000000030dc000 	/System/Library/PrivateFrameworks/TCC.framework/Versions/A/TCC
0x00000000030dc000 	/usr/lib/libmecabra.dylib
0x00000000030dc000 	/System/Library/Frameworks/ApplicationServices.framework/Versions/A/Frameworks/ATS.framework/Versions/A/ATS
0x00000000030dc000 	/System/Library/Frameworks/ApplicationServices.framework/Versions/A/Frameworks/ColorSync.framework/Versions/A/ColorSync
0x00000000030dc000 	/System/Library/Frameworks/ApplicationServices.framework/Versions/A/Frameworks/HIServices.framework/Versions/A/HIServices
0x00000000030dc000 	/System/Library/Frameworks/ApplicationServices.framework/Versions/A/Frameworks/LangAnalysis.framework/Versions/A/LangAnalysis
0x00000000030dc000 	/System/Library/Frameworks/ApplicationServices.framework/Versions/A/Frameworks/PrintCore.framework/Versions/A/PrintCore
0x00000000030dc000 	/System/Library/Frameworks/ApplicationServices.framework/Versions/A/Frameworks/QD.framework/Versions/A/QD
0x00000000030dc000 	/System/Library/Frameworks/ApplicationServices.framework/Versions/A/Frameworks/SpeechSynthesis.framework/Versions/A/SpeechSynthesis
0x00000000030dc000 	/System/Library/Frameworks/Metal.framework/Versions/A/Metal
0x00000000030dc000 	/System/Library/Frameworks/Accelerate.framework/Versions/A/Frameworks/vImage.framework/Versions/A/vImage
0x00000000030dc000 	/System/Library/Frameworks/Accelerate.framework/Versions/A/Frameworks/vecLib.framework/Versions/A/vecLib
0x00000000030dc000 	/System/Library/Frameworks/Accelerate.framework/Versions/A/Frameworks/vecLib.framework/Versions/A/libvDSP.dylib
0x00000000030dc000 	/System/Library/Frameworks/Accelerate.framework/Versions/A/Frameworks/vecLib.framework/Versions/A/libvMisc.dylib
0x00000000030dc000 	/System/Library/Frameworks/Accelerate.framework/Versions/A/Frameworks/vecLib.framework/Versions/A/libLAPACK.dylib
0x00000000030dc000 	/System/Library/Frameworks/Accelerate.framework/Versions/A/Frameworks/vecLib.framework/Versions/A/libBLAS.dylib
0x00000000030dc000 	/System/Library/Frameworks/Accelerate.framework/Versions/A/Frameworks/vecLib.framework/Versions/A/libLinearAlgebra.dylib
0x00000000030dc000 	/System/Library/Frameworks/Accelerate.framework/Versions/A/Frameworks/vecLib.framework/Versions/A/libSparseBLAS.dylib
0x00000000030dc000 	/System/Library/PrivateFrameworks/GPUCompiler.framework/libmetal_timestamp.dylib
0x00000000030dc000 	/System/Library/Frameworks/OpenGL.framework/Versions/A/Libraries/libCoreFSCache.dylib
0x00000000030dc000 	/System/Library/PrivateFrameworks/IOAccelerator.framework/Versions/A/IOAccelerator
0x00000000030dc000 	/System/Library/Frameworks/ApplicationServices.framework/Versions/A/Frameworks/ATS.framework/Versions/A/Resources/libFontParser.dylib
0x00000000030dc000 	/System/Library/Frameworks/ApplicationServices.framework/Versions/A/Frameworks/ATS.framework/Versions/A/Resources/libFontRegistry.dylib
0x00000000030dc000 	/System/Library/PrivateFrameworks/AppleVPA.framework/Versions/A/AppleVPA
0x00000000030dc000 	/System/Library/PrivateFrameworks/AppleJPEG.framework/Versions/A/AppleJPEG
0x00000000030dc000 	/System/Library/Frameworks/ImageIO.framework/Versions/A/Resources/libJPEG.dylib
0x00000000030dc000 	/System/Library/Frameworks/ImageIO.framework/Versions/A/Resources/libTIFF.dylib
0x00000000030dc000 	/System/Library/Frameworks/ImageIO.framework/Versions/A/Resources/libPng.dylib
0x00000000030dc000 	/System/Library/Frameworks/ImageIO.framework/Versions/A/Resources/libGIF.dylib
0x00000000030dc000 	/System/Library/Frameworks/ImageIO.framework/Versions/A/Resources/libJP2.dylib
0x00000000030dc000 	/System/Library/Frameworks/ImageIO.framework/Versions/A/Resources/libRadiance.dylib
0x00000000030dc000 	/System/Library/Frameworks/CoreVideo.framework/Versions/A/CoreVideo
0x00000000030dc000 	/System/Library/Frameworks/OpenGL.framework/Versions/A/Libraries/libGLU.dylib
0x00000000030dc000 	/System/Library/Frameworks/OpenGL.framework/Versions/A/Libraries/libGFXShared.dylib
0x00000000030dc000 	/System/Library/Frameworks/OpenGL.framework/Versions/A/Libraries/libGL.dylib
0x00000000030dc000 	/System/Library/Frameworks/OpenGL.framework/Versions/A/Libraries/libGLImage.dylib
0x00000000030dc000 	/System/Library/Frameworks/OpenGL.framework/Versions/A/Libraries/libCVMSPluginSupport.dylib
0x00000000030dc000 	/System/Library/Frameworks/OpenGL.framework/Versions/A/Libraries/libCoreVMClient.dylib
0x00000000030dc000 	/usr/lib/libcompression.dylib
0x00000000030dc000 	/usr/lib/libcups.2.dylib
0x00000000030dc000 	/System/Library/Frameworks/Kerberos.framework/Versions/A/Kerberos
0x00000000030dc000 	/System/Library/Frameworks/GSS.framework/Versions/A/GSS
0x00000000030dc000 	/usr/lib/libresolv.9.dylib
0x00000000030dc000 	/usr/lib/libiconv.2.dylib
0x00000000030dc000 	/System/Library/PrivateFrameworks/Heimdal.framework/Versions/A/Heimdal
0x00000000030dc000 	/usr/lib/libheimdal-asn1.dylib
0x00000000030dc000 	/System/Library/Frameworks/OpenDirectory.framework/Versions/A/OpenDirectory
0x00000000030dc000 	/System/Library/PrivateFrameworks/CommonAuth.framework/Versions/A/CommonAuth
0x00000000030dc000 	/System/Library/Frameworks/OpenDirectory.framework/Versions/A/Frameworks/CFOpenDirectory.framework/Versions/A/CFOpenDirectory
0x00000000030dc000 	/System/Library/Frameworks/SecurityFoundation.framework/Versions/A/SecurityFoundation
0x00000000030dc000 	/System/Library/PrivateFrameworks/LanguageModeling.framework/Versions/A/LanguageModeling
0x00000000030dc000 	/usr/lib/libmarisa.dylib
0x00000000030dc000 	/usr/lib/libChineseTokenizer.dylib
0x00000000030dc000 	/usr/lib/libcmph.dylib
0x00000000030dc000 	/System/Library/Frameworks/ServiceManagement.framework/Versions/A/ServiceManagement
0x00000000030dc000 	/usr/lib/libxslt.1.dylib
0x00000000030dc000 	/System/Library/Frameworks/Carbon.framework/Versions/A/Frameworks/Ink.framework/Versions/A/Ink
0x00000000030dc000 	/usr/lib/libFosl_dynamic.dylib
0x00000000030dc000 	/System/Library/PrivateFrameworks/FaceCore.framework/Versions/A/FaceCore
0x00000000030dc000 	/System/Library/Frameworks/OpenCL.framework/Versions/A/OpenCL
0x00000000030dc000 	/System/Library/PrivateFrameworks/CrashReporterSupport.framework/Versions/A/CrashReporterSupport
0x00000000030dc000 	/System/Library/PrivateFrameworks/IconServices.framework/Versions/A/IconServices
0x00000000030dc000 	/System/Library/PrivateFrameworks/Apple80211.framework/Versions/A/Apple80211
0x00000000030dc000 	/System/Library/Frameworks/CoreWLAN.framework/Versions/A/CoreWLAN
0x00000000030dc000 	/System/Library/Frameworks/IOBluetooth.framework/Versions/A/IOBluetooth
0x00000000030dc000 	/System/Library/PrivateFrameworks/CoreWiFi.framework/Versions/A/CoreWiFi
0x00000000030dc000 	/System/Library/Frameworks/CoreBluetooth.framework/Versions/A/CoreBluetooth
0x00000000030dc000 	/System/Library/PrivateFrameworks/ChunkingLibrary.framework/Versions/A/ChunkingLibrary
0x00000000030dc000 	/System/Library/PrivateFrameworks/DebugSymbols.framework/Versions/A/DebugSymbols
0x00000000030dc000 	/System/Library/PrivateFrameworks/CoreSymbolication.framework/Versions/A/CoreSymbolication
0x00000000030dc000 	/System/Library/PrivateFrameworks/Symbolication.framework/Versions/A/Symbolication
0x00000000030dc000 	/System/Library/PrivateFrameworks/SpeechRecognitionCore.framework/Versions/A/SpeechRecognitionCore
0x00000001009b5000 	/System/Library/CoreServices/Encodings/libSimplifiedChineseConverter.dylib
0x0000000101200000 	/Library/Java/JavaVirtualMachines/jdk1.8.0_51.jdk/Contents/Home/jre/lib/server/libjvm.dylib
0x00000000030dc000 	/usr/lib/libstdc++.6.dylib
0x0000000102169000 	/Library/Java/JavaVirtualMachines/jdk1.8.0_51.jdk/Contents/Home/jre/lib/libverify.dylib
0x0000000102177000 	/Library/Java/JavaVirtualMachines/jdk1.8.0_51.jdk/Contents/Home/jre/lib/libjava.dylib
0x00000001021b4000 	/Library/Java/JavaVirtualMachines/jdk1.8.0_51.jdk/Contents/Home/jre/lib/libzip.dylib
0x0000000117b20000 	/System/Library/Frameworks/JavaVM.framework/Frameworks/JavaRuntimeSupport.framework/JavaRuntimeSupport
0x0000000117b3b000 	/System/Library/Frameworks/JavaVM.framework/Versions/A/Frameworks/JavaNativeFoundation.framework/Versions/A/JavaNativeFoundation
0x0000000117b50000 	/System/Library/Frameworks/JavaVM.framework/Versions/A/JavaVM
0x00000000030dc000 	/System/Library/Frameworks/Carbon.framework/Versions/A/Carbon
0x0000000117b5d000 	/System/Library/PrivateFrameworks/JavaLaunching.framework/Versions/A/JavaLaunching
0x00000000030dc000 	/System/Library/Frameworks/Carbon.framework/Versions/A/Frameworks/CommonPanels.framework/Versions/A/CommonPanels
0x00000000030dc000 	/System/Library/Frameworks/Carbon.framework/Versions/A/Frameworks/Help.framework/Versions/A/Help
0x00000000030dc000 	/System/Library/Frameworks/Carbon.framework/Versions/A/Frameworks/ImageCapture.framework/Versions/A/ImageCapture
0x00000000030dc000 	/System/Library/Frameworks/Carbon.framework/Versions/A/Frameworks/OpenScripting.framework/Versions/A/OpenScripting
0x00000000030dc000 	/System/Library/Frameworks/Carbon.framework/Versions/A/Frameworks/Print.framework/Versions/A/Print
0x00000000030dc000 	/System/Library/Frameworks/Carbon.framework/Versions/A/Frameworks/SecurityHI.framework/Versions/A/SecurityHI
0x00000001195d5000 	/opt/homebrew-cask/Caskroom/intellij-idea/14.1.5/IntelliJ IDEA 14.app/Contents/bin/libbreakgen64.jnilib
0x000000011966e000 	/Library/Java/JavaVirtualMachines/jdk1.8.0_51.jdk/Contents/Home/jre/lib/libnet.dylib
0x00000001196cd000 	/Library/Java/JavaVirtualMachines/jdk1.8.0_51.jdk/Contents/Home/jre/lib/libnio.dylib
0x00000001196dd000 	/Library/Java/JavaVirtualMachines/jdk1.8.0_51.jdk/Contents/Home/jre/lib/libprism_es2.dylib
0x00000000030dc000 	/System/Library/Frameworks/OpenGL.framework/Versions/A/Resources/GLEngine.bundle/GLEngine
0x00000000030dc000 	/System/Library/Frameworks/OpenGL.framework/Versions/A/Libraries/libGLProgrammability.dylib
0x000000011975f000 	/System/Library/Extensions/AppleIntelBDWGraphicsGLDriver.bundle/Contents/MacOS/AppleIntelBDWGraphicsGLDriver
0x00000000030dc000 	/System/Library/PrivateFrameworks/GPUSupport.framework/Versions/A/Libraries/libGPUSupportMercury.dylib
0x00000000030dc000 	/System/Library/Frameworks/OpenGL.framework/Versions/A/Resources/GLRendererFloat.bundle/GLRendererFloat
0x00000000030dc000 	/System/Library/Frameworks/OpenCL.framework/Versions/A/Libraries/libcldcpuengine.dylib
0x00000000030dc000 	/System/Library/PrivateFrameworks/DiskImages.framework/Versions/A/DiskImages
0x00000000030dc000 	/System/Library/Frameworks/DiscRecording.framework/Versions/A/DiscRecording
0x00000000030dc000 	/usr/lib/libcsfde.dylib
0x00000000030dc000 	/usr/lib/libcurl.4.dylib
0x00000000030dc000 	/System/Library/PrivateFrameworks/MediaKit.framework/Versions/A/MediaKit
0x00000000030dc000 	/System/Library/PrivateFrameworks/ProtectedCloudStorage.framework/Versions/A/ProtectedCloudStorage
0x00000000030dc000 	/usr/lib/libCoreStorage.dylib
0x00000000030dc000 	/System/Library/PrivateFrameworks/EFILogin.framework/Versions/A/EFILogin
0x00000000030dc000 	/usr/lib/libutil.dylib
0x00000000030dc000 	/System/Library/PrivateFrameworks/FindMyDevice.framework/Versions/A/FindMyDevice
0x00000000030dc000 	/System/Library/Frameworks/LDAP.framework/Versions/A/LDAP
0x00000000030dc000 	/usr/lib/libsasl2.2.dylib
0x00000000030dc000 	/System/Library/PrivateFrameworks/CoreDaemon.framework/Versions/B/CoreDaemon
0x00000000030dc000 	/usr/lib/libcrypto.0.9.8.dylib
0x00000000030dc000 	/System/Library/PrivateFrameworks/AppleSRP.framework/Versions/A/AppleSRP
0x00000000030dc000 	/System/Library/PrivateFrameworks/TrustEvaluationAgent.framework/Versions/A/TrustEvaluationAgent
0x000000011a298000 	/Library/Java/JavaVirtualMachines/jdk1.8.0_51.jdk/Contents/Home/jre/lib/libglass.dylib
0x00000000030dc000 	/System/Library/PrivateFrameworks/CoreServicesInternal.framework/Versions/A/CoreServicesInternal
0x00000000030dc000 	/System/Library/CoreServices/RawCamera.bundle/Contents/MacOS/RawCamera
0x00000000030dc000 	/System/Library/Frameworks/CoreGraphics.framework/Versions/A/Resources/libRIP.A.dylib
0x00000000030dc000 	/System/Library/Frameworks/Accelerate.framework/Versions/A/Frameworks/vImage.framework/Versions/A/Libraries/libCGInterfaces.dylib
0x00000000030dc000 	/System/Library/PrivateFrameworks/FamilyControls.framework/Versions/A/FamilyControls
0x00000000030dc000 	/System/Library/PrivateFrameworks/CommerceKit.framework/Versions/A/Frameworks/CommerceCore.framework/Versions/A/CommerceCore
0x00000000030dc000 	/System/Library/PrivateFrameworks/SystemAdministration.framework/Versions/A/SystemAdministration
0x00000000030dc000 	/System/Library/PrivateFrameworks/AppContainer.framework/Versions/A/AppContainer
0x00000000030dc000 	/System/Library/PrivateFrameworks/SecCodeWrapper.framework/Versions/A/SecCodeWrapper
0x00000000030dc000 	/System/Library/Frameworks/DirectoryService.framework/Versions/A/DirectoryService
0x00000000030dc000 	/System/Library/PrivateFrameworks/LoginUIKit.framework/Versions/A/Frameworks/LoginUICore.framework/Versions/A/LoginUICore
0x00000000030dc000 	/usr/lib/libodfde.dylib
0x000000011d1bf000 	/Library/Java/JavaVirtualMachines/jdk1.8.0_51.jdk/Contents/Home/jre/lib/libjavafx_font.dylib
0x00000000030dc000 	/System/Library/Frameworks/CoreGraphics.framework/Versions/A/Resources/libCGXType.A.dylib
0x000000011df4f000 	/Library/Java/JavaVirtualMachines/jdk1.8.0_51.jdk/Contents/Home/jre/lib/libprism_common.dylib
0x000000011ff5b000 	/System/Library/Extensions/AppleIntelBDWGraphicsMTLDriver.bundle/Contents/MacOS/AppleIntelBDWGraphicsMTLDriver
0x000000011e1ea000 	cl_kernels
0x00000000030dc000 	/System/Library/Frameworks/OpenCL.framework/Versions/A/Libraries/ImageFormats/unorm8_bgra.dylib
0x00000000030dc000 	/System/Library/Frameworks/OpenCL.framework/Versions/A/Libraries/ImageFormats/unorm8_rgba.dylib

VM Arguments:
jvm_args: -Didea.launcher.port=7536 -Didea.launcher.bin.path=/opt/homebrew-cask/Caskroom/intellij-idea/14.1.5/IntelliJ IDEA 14.app/Contents/bin -Dfile.encoding=UTF-8 
java_command: com.intellij.rt.execution.application.AppMain sample.Main
java_class_path (initial): /Library/Java/JavaVirtualMachines/jdk1.8.0_51.jdk/Contents/Home/lib/ant-javafx.jar:/Library/Java/JavaVirtualMachines/jdk1.8.0_51.jdk/Contents/Home/lib/dt.jar:/Library/Java/JavaVirtualMachines/jdk1.8.0_51.jdk/Contents/Home/lib/javafx-mx.jar:/Library/Java/JavaVirtualMachines/jdk1.8.0_51.jdk/Contents/Home/lib/jconsole.jar:/Library/Java/JavaVirtualMachines/jdk1.8.0_51.jdk/Contents/Home/lib/packager.jar:/Library/Java/JavaVirtualMachines/jdk1.8.0_51.jdk/Contents/Home/lib/sa-jdi.jar:/Library/Java/JavaVirtualMachines/jdk1.8.0_51.jdk/Contents/Home/lib/tools.jar:/Library/Java/JavaVirtualMachines/jdk1.8.0_51.jdk/Contents/Home/jre/lib/charsets.jar:/Library/Java/JavaVirtualMachines/jdk1.8.0_51.jdk/Contents/Home/jre/lib/deploy.jar:/Library/Java/JavaVirtualMachines/jdk1.8.0_51.jdk/Contents/Home/jre/lib/javaws.jar:/Library/Java/JavaVirtualMachines/jdk1.8.0_51.jdk/Contents/Home/jre/lib/jce.jar:/Library/Java/JavaVirtualMachines/jdk1.8.0_51.jdk/Contents/Home/jre/lib/jfr.jar:/Library/Java/JavaVirtualMachines/jdk1.8.0_51.jdk/Contents/Home/jre/lib/jfxswt.jar:/Library/Java/JavaVirtualMachines/jdk1.8.0_51.jdk/Contents/Home/jre/lib/jsse.jar:/Library/Java/JavaVirtualMachines/jdk1.8.0_51.jdk/Contents/Home/jre/lib/management-agent.jar:/Library/Java/JavaVirtualMachines/jdk1.8.0_51.jdk/Contents/Home/jre/lib/plugin.jar:/Library/Java/JavaVirtualMachines/jdk1.8.0_51.jdk/Contents/Home/jre/lib/resources.jar:/Library/Java/JavaVirtualMachines/jdk1.8.0_51.jdk/Contents/Home/jre/lib/rt.jar:/Library/Java/JavaVirtualMachines/jdk1.8.0_51.jdk/Contents/Home/jre/lib/ext/cldrdata.jar:/Library/Java/JavaVirtualMachines/jdk1.8.0_51.jdk/Contents/Home/jre/lib/ext/dnsns.jar:/Library/Java/JavaVirtualMachines/jdk1.8.0_51.jdk/Contents/Home/jre/lib/ext/jfxrt.jar:/Library/Java/JavaVirtualMachines/jdk1.8.0_51.jdk/Contents/Home/jre/lib/ext/localedata.jar:/Library/Java/JavaVirtualMachines/jdk1.8.0_51.jdk/Contents/Home/jre/lib/ext/nashorn.jar:/Library/Java/JavaVirtualMachines/jdk1.8.0_51.jdk/Conten
Launcher Type: SUN_STANDARD

Environment Variables:
JAVA_HOME=/Library/Java/JavaVirtualMachines/jdk1.8.0_51.jdk/Contents/Home
PATH=/Users/weizhaoy/.opam/4.02.3/bin:/Users/weizhaoy/Documents/workspace/iut/src/C++/Iutcpp/bin:/usr/local/sbin:/Users/weizhaoy/.jenv/shims:/Users/weizhaoy/.jenv/bin:/opt/local/bin:/opt/local/sbin:/usr/local/bin:/usr/bin:/bin:/usr/sbin:/sbin:/Users/weizhaoy/Downloads/development/android-ndk-r10e:/Users/weizhaoy/Library/Android/sdk/platform-tools
SHELL=/bin/zsh
DISPLAY=/private/tmp/com.apple.launchd.NgYE3zDrCC/org.macosforge.xquartz:0

Signal Handlers:
SIGSEGV: [libjvm.dylib+0x58ef35], sa_mask[0]=11111111011111110111111111111111, sa_flags=SA_ONSTACK|SA_RESTART|SA_SIGINFO
SIGBUS: [libjvm.dylib+0x58ef35], sa_mask[0]=11111111011111110111111111111111, sa_flags=SA_RESTART|SA_SIGINFO
SIGFPE: [libjvm.dylib+0x46c028], sa_mask[0]=11111111011111110111111111111111, sa_flags=SA_RESTART|SA_SIGINFO
SIGPIPE: [libjvm.dylib+0x46c028], sa_mask[0]=11111111011111110111111111111111, sa_flags=SA_RESTART|SA_SIGINFO
SIGXFSZ: [libjvm.dylib+0x46c028], sa_mask[0]=11111111011111110111111111111111, sa_flags=SA_RESTART|SA_SIGINFO
SIGILL: [libjvm.dylib+0x46c028], sa_mask[0]=11111111011111110111111111111111, sa_flags=SA_RESTART|SA_SIGINFO
SIGUSR1: SIG_DFL, sa_mask[0]=00000000000000000000000000000000, sa_flags=none
SIGUSR2: [libjvm.dylib+0x46bb46], sa_mask[0]=00100000000000000000000000000000, sa_flags=SA_RESTART|SA_SIGINFO
SIGHUP: [libjvm.dylib+0x46a119], sa_mask[0]=11111111011111110111111111111111, sa_flags=SA_RESTART|SA_SIGINFO
SIGINT: [libjvm.dylib+0x46a119], sa_mask[0]=11111111011111110111111111111111, sa_flags=SA_RESTART|SA_SIGINFO
SIGTERM: [libjvm.dylib+0x46a119], sa_mask[0]=11111111011111110111111111111111, sa_flags=SA_RESTART|SA_SIGINFO
SIGQUIT: [libjvm.dylib+0x46a119], sa_mask[0]=11111111011111110111111111111111, sa_flags=SA_RESTART|SA_SIGINFO


---------------  S Y S T E M  ---------------

OS:Bsduname:Darwin 15.6.0 Darwin Kernel Version 15.6.0: Mon Aug 29 20:21:34 PDT 2016; root:xnu-3248.60.11~1/RELEASE_X86_64 x86_64
rlimit: STACK 8192k, CORE 0k, NPROC 709, NOFILE 10240, AS infinity
load average:7.27 6.22 5.15

CPU:total 4 (2 cores per cpu, 2 threads per core) family 6 model 61 stepping 4, cmov, cx8, fxsr, mmx, sse, sse2, sse3, ssse3, sse4.1, sse4.2, popcnt, avx, avx2, aes, clmul, erms, 3dnowpref, lzcnt, ht, tsc, tscinvbit, bmi1, bmi2, adx

Memory: 4k page, physical 8388608k(166968k free)

/proc/meminfo:


vm_info: Java HotSpot(TM) 64-Bit Server VM (25.51-b03) for bsd-amd64 JRE (1.8.0_51-b16), built on Jun  8 2015 18:01:11 by "java_re" with gcc 4.2.1 (Based on Apple Inc. build 5658) (LLVM build 2336.11.00)

time: Wed Nov  2 20:12:45 2016
elapsed time: 1305 seconds (0d 0h 21m 45s)

